0 info it worked if it ends with ok
1 verbose cli [ '/home/meli/.nvm/versions/node/v6.7.0/bin/node',
1 verbose cli   '/home/meli/.nvm/versions/node/v6.7.0/bin/npm',
1 verbose cli   'run',
1 verbose cli   'sfs' ]
2 info using npm@4.0.3
3 info using node@v6.7.0
4 verbose run-script [ 'presfs', 'sfs', 'postsfs' ]
5 info lifecycle proyecto@1.0.0~presfs: proyecto@1.0.0
6 silly lifecycle proyecto@1.0.0~presfs: no script for presfs, continuing
7 info lifecycle proyecto@1.0.0~sfs: proyecto@1.0.0
8 verbose lifecycle proyecto@1.0.0~sfs: unsafe-perm in lifecycle true
9 verbose lifecycle proyecto@1.0.0~sfs: PATH: /home/meli/.nvm/versions/node/v6.7.0/lib/node_modules/npm/bin/node-gyp-bin:/home/meli/1. Javascript/React/platzi/proyecto platzi/node_modules/.bin:/home/meli/.nvm/versions/node/v6.7.0/bin:/home/meli/bin:/home/meli/.local/bin:/usr/local/sbin:/usr/local/bin:/usr/sbin:/usr/bin:/sbin:/bin:/usr/games:/usr/local/games:/snap/bin:/usr/lib/jvm/java-8-oracle/bin:/usr/lib/jvm/java-8-oracle/db/bin:/usr/lib/jvm/java-8-oracle/jre/bin:/home/meli/.rvm/bin:/home/meli/.rvm/bin
10 verbose lifecycle proyecto@1.0.0~sfs: CWD: /home/meli/1. Javascript/React/platzi/proyecto platzi
11 silly lifecycle proyecto@1.0.0~sfs: Args: [ '-c', 'serve built/statics --port 3001 --cache <0></0>' ]
12 silly lifecycle proyecto@1.0.0~sfs: Returned: code: 2  signal: null
13 info lifecycle proyecto@1.0.0~sfs: Failed to exec sfs script
14 verbose stack Error: proyecto@1.0.0 sfs: `serve built/statics --port 3001 --cache <0></0>`
14 verbose stack Exit status 2
14 verbose stack     at EventEmitter.<anonymous> (/home/meli/.nvm/versions/node/v6.7.0/lib/node_modules/npm/lib/utils/lifecycle.js:279:16)
14 verbose stack     at emitTwo (events.js:106:13)
14 verbose stack     at EventEmitter.emit (events.js:191:7)
14 verbose stack     at ChildProcess.<anonymous> (/home/meli/.nvm/versions/node/v6.7.0/lib/node_modules/npm/lib/utils/spawn.js:40:14)
14 verbose stack     at emitTwo (events.js:106:13)
14 verbose stack     at ChildProcess.emit (events.js:191:7)
14 verbose stack     at maybeClose (internal/child_process.js:877:16)
14 verbose stack     at Process.ChildProcess._handle.onexit (internal/child_process.js:226:5)
15 verbose pkgid proyecto@1.0.0
16 verbose cwd /home/meli/1. Javascript/React/platzi/proyecto platzi
17 error Linux 4.4.0-57-generic
18 error argv "/home/meli/.nvm/versions/node/v6.7.0/bin/node" "/home/meli/.nvm/versions/node/v6.7.0/bin/npm" "run" "sfs"
19 error node v6.7.0
20 error npm  v4.0.3
21 error code ELIFECYCLE
22 error proyecto@1.0.0 sfs: `serve built/statics --port 3001 --cache <0></0>`
22 error Exit status 2
23 error Failed at the proyecto@1.0.0 sfs script 'serve built/statics --port 3001 --cache <0></0>'.
23 error Make sure you have the latest version of node.js and npm installed.
23 error If you do, this is most likely a problem with the proyecto package,
23 error not with npm itself.
23 error Tell the author that this fails on your system:
23 error     serve built/statics --port 3001 --cache <0></0>
23 error You can get information on how to open an issue for this project with:
23 error     npm bugs proyecto
23 error Or if that isn't available, you can get their info via:
23 error     npm owner ls proyecto
23 error There is likely additional logging output above.
24 verbose exit [ 1, true ]
